<?xml version="1.0" encoding="utf-8"?>
<PcGts xmlns="http://schema.primaresearch.org/PAGE/gts/pagecontent/2013-07-15">
  <Metadata>
    <Creator>nw-page-editor</Creator>
    <Created>2018-05-11T14:11:37Z</Created>
    <LastChange>2018-05-11T14:13:33Z</LastChange>
  </Metadata>
  <Page imageFilename="test-image.png" imageHeight="68" imageWidth="229">
    <TextRegion id="r1">
      <Coords points="0,0 228,0 228,67 0,67"/>
      <TextLine id="r1_l1">
        <Coords points="6.48281,4.469 222.732,5.22182 222.55,57.7317 6.30001,56.9789"/>
        <Baseline points="6.34571,43.8514 222.595,44.6042"/>
      </TextLine>
    </TextRegion>
  </Page>
</PcGts>
